2025-12-03 14:08:44,445 - INFO - \u0421\u0440\u0435\u0434\u043d\u0438\u0439 \u0431\u0430\u043b\u043b \u0440\u0430\u0441\u0441\u0447\u0438\u0442\u0430\u043d: 5.0
2025-12-03 14:08:44,445 - INFO - \u0421\u043e\u0437\u0434\u0430\u043d \u043e\u0442\u0447\u0451\u0442 \u0434\u043b\u044f \u0441\u0442\u0443\u0434\u0435\u043d\u0442\u0430 \u0420\u0430\u0441\u0443\u043b \u041a\u043e\u0442\u043e\u0432
2025-12-03 14:09:20,034 - ERROR - \u0421\u043f\u0438\u0441\u043e\u043a \u043e\u0446\u0435\u043d\u043e\u043a \u043f\u0443\u0441\u0442
2025-12-03 14:09:20,034 - ERROR - \u041f\u0440\u043e\u0438\u0437\u043e\u0448\u043b\u043e \u0438\u0441\u043a\u043b\u044e\u0447\u0435\u043d\u0438\u0435
Traceback (most recent call last):
  File "c:\Users\student\\u041b\u0430\u0431\u043e\u0440\u0430\u0442\u043e\u0440\u043d\u0430\u044f \u0440\u0430\u0431\u043e\u0442 \u211614 2\main.py", line 54, in <module>
    print(student_report(name, grades))
          ^^^^^^^^^^^^^^^^^^^^^^^^^^^^
  File "c:\Users\student\\u041b\u0430\u0431\u043e\u0440\u0430\u0442\u043e\u0440\u043d\u0430\u044f \u0440\u0430\u0431\u043e\u0442 \u211614 2\main.py", line 42, in student_report
    avg = calculate_average(grades)
          ^^^^^^^^^^^^^^^^^^^^^^^^^
  File "c:\Users\student\\u041b\u0430\u0431\u043e\u0440\u0430\u0442\u043e\u0440\u043d\u0430\u044f \u0440\u0430\u0431\u043e\u0442 \u211614 2\main.py", line 15, in calculate_average
    raise ValueError("\u0421\u043f\u0438\u0441\u043e\u043a \u043e\u0446\u0435\u043d\u043e\u043a \u043d\u0435 \u043c\u043e\u0436\u0435\u0442 \u0431\u044b\u0442\u044c \u043f\u0443\u0441\u0442\u044b\u043c")
ValueError: \u0421\u043f\u0438\u0441\u043e\u043a \u043e\u0446\u0435\u043d\u043e\u043a \u043d\u0435 \u043c\u043e\u0436\u0435\u0442 \u0431\u044b\u0442\u044c \u043f\u0443\u0441\u0442\u044b\u043c
2025-12-03 14:09:38,701 - INFO - \u0421\u0440\u0435\u0434\u043d\u0438\u0439 \u0431\u0430\u043b\u043b \u0440\u0430\u0441\u0441\u0447\u0438\u0442\u0430\u043d: 80.0
2025-12-03 14:09:38,701 - INFO - \u0421\u043e\u0437\u0434\u0430\u043d \u043e\u0442\u0447\u0451\u0442 \u0434\u043b\u044f \u0441\u0442\u0443\u0434\u0435\u043d\u0442\u0430 \u0420\u0430\u0441\u0443\u043b \u041a\u043e\u0442\u043e\u0432
2025-12-03 14:12:35,714 - INFO - \u0421\u0440\u0435\u0434\u043d\u0438\u0439 \u0431\u0430\u043b\u043b \u0440\u0430\u0441\u0441\u0447\u0438\u0442\u0430\u043d: 90.0
2025-12-03 14:12:35,714 - ERROR - \u0421\u043f\u0438\u0441\u043e\u043a \u043e\u0446\u0435\u043d\u043e\u043a \u043f\u0443\u0441\u0442
2025-12-03 14:12:35,714 - ERROR - \u041d\u0435\u043a\u043e\u0440\u0440\u0435\u043a\u0442\u043d\u044b\u0439 \u0442\u0438\u043f \u0434\u0430\u043d\u043d\u044b\u0445 \u0432 \u0441\u043f\u0438\u0441\u043a\u0435
2025-12-03 14:12:35,714 - INFO - \u0421\u0440\u0435\u0434\u043d\u0438\u0439 \u0431\u0430\u043b\u043b \u0440\u0430\u0441\u0441\u0447\u0438\u0442\u0430\u043d: 90.0
2025-12-03 14:12:35,714 - INFO - \u0421\u043e\u0437\u0434\u0430\u043d \u043e\u0442\u0447\u0451\u0442 \u0434\u043b\u044f \u0441\u0442\u0443\u0434\u0435\u043d\u0442\u0430 \u0410\u043b\u0438\u0441\u0430
2025-12-03 14:18:05,099 - INFO - \u0421\u0440\u0435\u0434\u043d\u0438\u0439 \u0431\u0430\u043b\u043b \u0440\u0430\u0441\u0441\u0447\u0438\u0442\u0430\u043d: 80.0
2025-12-03 14:18:05,099 - INFO - \u0421\u043e\u0437\u0434\u0430\u043d \u043e\u0442\u0447\u0451\u0442 \u0434\u043b\u044f \u0441\u0442\u0443\u0434\u0435\u043d\u0442\u0430 \u041a\u043e\u0422\u041e\u0412 \u0420\u0430\u0441\u0443\u043b
2025-12-03 14:22:49,611 - ERROR - \u0421\u043f\u0438\u0441\u043e\u043a \u043e\u0446\u0435\u043d\u043e\u043a \u043f\u0443\u0441\u0442
2025-12-03 14:22:49,611 - ERROR - \u041f\u0440\u043e\u0438\u0437\u043e\u0448\u043b\u043e \u0438\u0441\u043a\u043b\u044e\u0447\u0435\u043d\u0438\u0435
Traceback (most recent call last):
  File "c:\Users\student\\u041b\u0430\u0431\u043e\u0440\u0430\u0442\u043e\u0440\u043d\u0430\u044f \u0440\u0430\u0431\u043e\u0442 \u211614 2\main.py", line 54, in <module>
    print(student_report(name, grades))
          ^^^^^^^^^^^^^^^^^^^^^^^^^^^^
  File "c:\Users\student\\u041b\u0430\u0431\u043e\u0440\u0430\u0442\u043e\u0440\u043d\u0430\u044f \u0440\u0430\u0431\u043e\u0442 \u211614 2\main.py", line 42, in student_report
    avg = calculate_average(grades)
          ^^^^^^^^^^^^^^^^^^^^^^^^^
  File "c:\Users\student\\u041b\u0430\u0431\u043e\u0440\u0430\u0442\u043e\u0440\u043d\u0430\u044f \u0440\u0430\u0431\u043e\u0442 \u211614 2\main.py", line 15, in calculate_average
    raise ValueError("\u0421\u043f\u0438\u0441\u043e\u043a \u043e\u0446\u0435\u043d\u043e\u043a \u043d\u0435 \u043c\u043e\u0436\u0435\u0442 \u0431\u044b\u0442\u044c \u043f\u0443\u0441\u0442\u044b\u043c")
ValueError: \u0421\u043f\u0438\u0441\u043e\u043a \u043e\u0446\u0435\u043d\u043e\u043a \u043d\u0435 \u043c\u043e\u0436\u0435\u0442 \u0431\u044b\u0442\u044c \u043f\u0443\u0441\u0442\u044b\u043c
2025-12-03 14:23:03,243 - ERROR - \u0421\u043f\u0438\u0441\u043e\u043a \u043e\u0446\u0435\u043d\u043e\u043a \u043f\u0443\u0441\u0442
2025-12-03 14:23:03,243 - ERROR - \u041f\u0440\u043e\u0438\u0437\u043e\u0448\u043b\u043e \u0438\u0441\u043a\u043b\u044e\u0447\u0435\u043d\u0438\u0435
Traceback (most recent call last):
  File "c:\Users\student\\u041b\u0430\u0431\u043e\u0440\u0430\u0442\u043e\u0440\u043d\u0430\u044f \u0440\u0430\u0431\u043e\u0442 \u211614 2\main.py", line 54, in <module>
    print(student_report(name, grades))
          ^^^^^^^^^^^^^^^^^^^^^^^^^^^^
  File "c:\Users\student\\u041b\u0430\u0431\u043e\u0440\u0430\u0442\u043e\u0440\u043d\u0430\u044f \u0440\u0430\u0431\u043e\u0442 \u211614 2\main.py", line 42, in student_report
    avg = calculate_average(grades)
          ^^^^^^^^^^^^^^^^^^^^^^^^^
  File "c:\Users\student\\u041b\u0430\u0431\u043e\u0440\u0430\u0442\u043e\u0440\u043d\u0430\u044f \u0440\u0430\u0431\u043e\u0442 \u211614 2\main.py", line 15, in calculate_average
    raise ValueError("\u0421\u043f\u0438\u0441\u043e\u043a \u043e\u0446\u0435\u043d\u043e\u043a \u043d\u0435 \u043c\u043e\u0436\u0435\u0442 \u0431\u044b\u0442\u044c \u043f\u0443\u0441\u0442\u044b\u043c")
ValueError: \u0421\u043f\u0438\u0441\u043e\u043a \u043e\u0446\u0435\u043d\u043e\u043a \u043d\u0435 \u043c\u043e\u0436\u0435\u0442 \u0431\u044b\u0442\u044c \u043f\u0443\u0441\u0442\u044b\u043c
2025-12-03 14:23:15,875 - INFO - \u0421\u0440\u0435\u0434\u043d\u0438\u0439 \u0431\u0430\u043b\u043b \u0440\u0430\u0441\u0441\u0447\u0438\u0442\u0430\u043d: 60.0
2025-12-03 14:23:15,875 - INFO - \u0421\u043e\u0437\u0434\u0430\u043d \u043e\u0442\u0447\u0451\u0442 \u0434\u043b\u044f \u0441\u0442\u0443\u0434\u0435\u043d\u0442\u0430 
